<?xml version="1.0" encoding="UTF-8"?>
<!-- Generated by org.testng.reporters.JUnitReportReporter -->
<testsuite skipped="0" hostname="FA049570" name="org.testVagrant.tests.SignInTest" tests="2" failures="0" timestamp="01 Jun 2019 15:46:40 GMT" time="7.869" errors="0">
  <testcase name="TC_002_Verify__Error_Message_is_Thrown_If_SignIn_Details_Are_Missing" time="0.574" classname="org.testVagrant.tests.SignInTest"/>
  <testcase name="TC_001_Verify_SignIn_Modal_Window" time="7.295" classname="org.testVagrant.tests.SignInTest"/>
</testsuite> <!-- org.testVagrant.tests.SignInTest -->
